Using pre-set license
Built from '2020.3/staging' branch; Version is '2020.3.14f1 (d0d1bb862f9d) revision 13685179'; Using compiler version '192528614'; Build Type 'Release'
OS: 'Windows 10 Home; OS build 19042.1083; Version 2009; 64bit' Language: 'es' Physical Memory: 8038 MB
BatchMode: 1, IsHumanControllingUs: 0, StartBugReporterOnCrash: 0, Is64bit: 1, IsPro: 0

 COMMAND LINE ARGUMENTS:
C:\Program Files\Unity\Hub\Editor\2020.3.14f1\Editor\Unity.exe
-adb2
-batchMode
-noUpm
-name
AssetImportWorker0
-projectPath
C:/Users/Patri/Desktop/Farm
-logFile
Logs/AssetImportWorker0.log
-srvPort
53462
Successfully changed project path to: C:/Users/Patri/Desktop/Farm
C:/Users/Patri/Desktop/Farm
Using Asset Import Pipeline V2.
Refreshing native plugins compatible for Editor in 24.53 ms, found 2 plugins.
Preloading 0 native plugins for Editor in 0.00 ms.
Initialize engine version: 2020.3.14f1 (d0d1bb862f9d)
[Subsystems] Discovering subsystems at path C:/Program Files/Unity/Hub/Editor/2020.3.14f1/Editor/Data/Resources/UnitySubsystems
[Subsystems] Discovering subsystems at path C:/Users/Patri/Desktop/Farm/Assets
GfxDevice: creating device client; threaded=0
Direct3D:
    Version:  Direct3D 11.0 [level 11.1]
    Renderer: NVIDIA GeForce GTX 1050 Ti (ID=0x1c8c)
    Vendor:   
    VRAM:     4021 MB
    Driver:   26.21.14.4223
Initialize mono
Mono path[0] = 'C:/Program Files/Unity/Hub/Editor/2020.3.14f1/Editor/Data/Managed'
Mono path[1] = 'C:/Program Files/Unity/Hub/Editor/2020.3.14f1/Editor/Data/MonoBleedingEdge/lib/mono/unityjit'
Mono config path = 'C:/Program Files/Unity/Hub/Editor/2020.3.14f1/Editor/Data/MonoBleedingEdge/etc'
Using monoOptions --debugger-agent=transport=dt_socket,embedding=1,server=y,suspend=n,address=127.0.0.1:56648
Begin MonoManager ReloadAssembly
Registering precompiled unity dll's ...
Register platform support module: C:/Program Files/Unity/Hub/Editor/2020.3.14f1/Editor/Data/PlaybackEngines/WindowsStandaloneSupport/UnityEditor.WindowsStandalone.Extensions.dll
Registered in 0.002063 seconds.
Native extension for WindowsStandalone target not found
Refreshing native plugins compatible for Editor in 25.41 ms, found 2 plugins.
Preloading 0 native plugins for Editor in 0.00 ms.
Mono: successfully reloaded assembly
- Completed reload, in  2.873 seconds
Domain Reload Profiling:
	ReloadAssembly (2873ms)
		BeginReloadAssembly (51ms)
			ExecutionOrderSort (0ms)
			DisableScriptedObjects (0ms)
			BackupInstance (0ms)
			ReleaseScriptingObjects (0ms)
			CreateAndSetChildDomain (1ms)
		EndReloadAssembly (391ms)
			LoadAssemblies (49ms)
			RebuildTransferFunctionScriptingTraits (0ms)
			SetupTypeCache (154ms)
			ReleaseScriptCaches (0ms)
			RebuildScriptCaches (30ms)
			SetupLoadedEditorAssemblies (144ms)
				LogAssemblyErrors (0ms)
				InitializePlatformSupportModulesInManaged (4ms)
				SetLoadedEditorAssemblies (0ms)
				RefreshPlugins (25ms)
				BeforeProcessingInitializeOnLoad (10ms)
				ProcessInitializeOnLoadAttributes (78ms)
				ProcessInitializeOnLoadMethodAttributes (27ms)
				AfterProcessingInitializeOnLoad (0ms)
				EditorAssembliesLoaded (0ms)
			ExecutionOrderSort2 (0ms)
			AwakeInstancesAfterBackupRestoration (0ms)
Platform modules already initialized, skipping
Registering precompiled user dll's ...
Registered in 0.007127 seconds.
Begin MonoManager ReloadAssembly
Native extension for WindowsStandalone target not found
Refreshing native plugins compatible for Editor in 0.81 ms, found 2 plugins.
Preloading 0 native plugins for Editor in 0.00 ms.
Mono: successfully reloaded assembly
- Completed reload, in  0.954 seconds
Domain Reload Profiling:
	ReloadAssembly (955ms)
		BeginReloadAssembly (154ms)
			ExecutionOrderSort (0ms)
			DisableScriptedObjects (5ms)
			BackupInstance (0ms)
			ReleaseScriptingObjects (0ms)
			CreateAndSetChildDomain (18ms)
		EndReloadAssembly (741ms)
			LoadAssemblies (80ms)
			RebuildTransferFunctionScriptingTraits (0ms)
			SetupTypeCache (255ms)
			ReleaseScriptCaches (0ms)
			RebuildScriptCaches (40ms)
			SetupLoadedEditorAssemblies (278ms)
				LogAssemblyErrors (0ms)
				InitializePlatformSupportModulesInManaged (5ms)
				SetLoadedEditorAssemblies (0ms)
				RefreshPlugins (1ms)
				BeforeProcessingInitializeOnLoad (83ms)
				ProcessInitializeOnLoadAttributes (176ms)
				ProcessInitializeOnLoadMethodAttributes (5ms)
				AfterProcessingInitializeOnLoad (7ms)
				EditorAssembliesLoaded (0ms)
			ExecutionOrderSort2 (0ms)
			AwakeInstancesAfterBackupRestoration (6ms)
Platform modules already initialized, skipping
========================================================================
Worker process is ready to serve import requests
Launched and connected shader compiler UnityShaderCompiler.exe after 0.06 seconds
Refreshing native plugins compatible for Editor in 0.35 ms, found 2 plugins.
Preloading 0 native plugins for Editor in 0.00 ms.
Unloading 1390 Unused Serialized files (Serialized files now loaded: 0)
System memory in use before: 64.8 MB.
System memory in use after: 64.8 MB.

Unloading 19 unused Assets to reduce memory usage. Loaded Objects now: 1823.
Total: 2.188900 ms (FindLiveObjects: 0.236600 ms CreateObjectMapping: 0.062200 ms MarkObjects: 1.793700 ms  DeleteObjects: 0.095200 ms)

AssetImportParameters requested are different than current active one (requested -> active):
  custom:framework-win-MediaFoundation: 216162199b28c13a410421893ffa2e32 -> 
  custom:video-decoder-ogg-theora: a1e56fd34408186e4bbccfd4996cb3dc -> 
  custom:container-muxer-webm: aa71ff27fc2769a1b78a27578f13a17b -> 
  custom:container-demuxer-webm: 4f35f7cbe854078d1ac9338744f61a02 -> 
  custom:container-demuxer-ogg: 62fdf1f143b41e24485cea50d1cbac27 -> 
  custom:video-encoder-webm-vp8: eb34c28f22e8b96e1ab97ce403110664 -> 
  custom:video-decoder-webm-vp8: 9c59270c3fd7afecdb556c50c9e8de78 -> 
  custom:audio-decoder-ogg-vorbis: bf7c407c2cedff20999df2af8eb42d56 -> 
  custom:audio-encoder-webm-vorbis: bf7c407c2cedff20999df2af8eb42d56 -> 
========================================================================
Received Import Request.
  path: Assets
  artifactKey: Guid(00000000000000001000000000000000) Importer(815301076,1909f56bfc062723c751e8b465ee728b)
Start importing Assets using Guid(00000000000000001000000000000000) Importer(815301076,1909f56bfc062723c751e8b465ee728b)  -> (artifact id: '42d402b061de3733987d63b9cc3b64de') in 0.022907 seconds 
  Import took 0.026440 seconds .

========================================================================
Received Import Request.
  Time since last request: 0.000537 seconds.
  path: Assets/Scenes
  artifactKey: Guid(2be5239853dacc743b6e945f601107d9) Importer(815301076,1909f56bfc062723c751e8b465ee728b)
Start importing Assets/Scenes using Guid(2be5239853dacc743b6e945f601107d9) Importer(815301076,1909f56bfc062723c751e8b465ee728b)  -> (artifact id: '80f90eb696c91ce606684542980768ce') in 0.006646 seconds 
  Import took 0.009676 seconds .

========================================================================
Received Import Request.
  Time since last request: 0.000310 seconds.
  path: Assets/Scenes/SampleScene.unity
  artifactKey: Guid(9fc0d4010bbf28b4594072e72b8655ab) Importer(815301076,1909f56bfc062723c751e8b465ee728b)
Start importing Assets/Scenes/SampleScene.unity using Guid(9fc0d4010bbf28b4594072e72b8655ab) Importer(815301076,1909f56bfc062723c751e8b465ee728b)  -> (artifact id: '85059f4f9e1a832ed95adaa0d25c5c4c') in 0.019115 seconds 
  Import took 0.022476 seconds .

========================================================================
Received Import Request.
  Time since last request: 44.101539 seconds.
  path: Assets/grass.mat
  artifactKey: Guid(301f42e347999d549be7dc80d1377930) Importer(815301076,1909f56bfc062723c751e8b465ee728b)
Start importing Assets/grass.mat using Guid(301f42e347999d549be7dc80d1377930) Importer(815301076,1909f56bfc062723c751e8b465ee728b)  -> (artifact id: '02590a9b0b1afa08dc98e0817dc794fa') in 0.234538 seconds 
  Import took 0.238870 seconds .

========================================================================
Received Import Request.
  Time since last request: 56.345027 seconds.
  path: Assets/texture
  artifactKey: Guid(6000a2867cb77e540b97e38da5a7c177) Importer(815301076,1909f56bfc062723c751e8b465ee728b)
Start importing Assets/texture using Guid(6000a2867cb77e540b97e38da5a7c177) Importer(815301076,1909f56bfc062723c751e8b465ee728b)  -> (artifact id: '88ae2c1a17199f933572ed8228751ad2') in 0.011354 seconds 
  Import took 0.015430 seconds .

========================================================================
Received Import Request.
  Time since last request: 6.073235 seconds.
  path: Assets/textures
  artifactKey: Guid(6000a2867cb77e540b97e38da5a7c177) Importer(815301076,1909f56bfc062723c751e8b465ee728b)
Start importing Assets/textures using Guid(6000a2867cb77e540b97e38da5a7c177) Importer(815301076,1909f56bfc062723c751e8b465ee728b)  -> (artifact id: '87a647f1678a884b050f8033ba9334fb') in 0.010546 seconds 
  Import took 0.013190 seconds .

========================================================================
Received Import Request.
  Time since last request: 7.106647 seconds.
  path: Assets/textures/grass.jpg
  artifactKey: Guid(d41cbd95324a43b48926a0c20d8d0749) Importer(815301076,1909f56bfc062723c751e8b465ee728b)
Start importing Assets/textures/grass.jpg using Guid(d41cbd95324a43b48926a0c20d8d0749) Importer(815301076,1909f56bfc062723c751e8b465ee728b)  -> (artifact id: '2383eccc7bc7e7a2b704dc640dad9bd7') in 0.030068 seconds 
  Import took 0.034312 seconds .

========================================================================
Received Import Request.
  Time since last request: 0.000358 seconds.
  path: Assets/textures/grass2.jpg
  artifactKey: Guid(c4b9d96c099801b46a399f65b8b5fdea) Importer(815301076,1909f56bfc062723c751e8b465ee728b)
Start importing Assets/textures/grass2.jpg using Guid(c4b9d96c099801b46a399f65b8b5fdea) Importer(815301076,1909f56bfc062723c751e8b465ee728b)  -> (artifact id: '0c3ad4b1bbbb1348caf24ff08c736a56') in 0.025191 seconds 
  Import took 0.031649 seconds .

========================================================================
Received Import Request.
  Time since last request: 855.115059 seconds.
  path: Assets/Hay Bale.prefab
  artifactKey: Guid(31040d0f5c064f64ebe3ed7dff7e191a) Importer(815301076,1909f56bfc062723c751e8b465ee728b)
Start importing Assets/Hay Bale.prefab using Guid(31040d0f5c064f64ebe3ed7dff7e191a) Importer(815301076,1909f56bfc062723c751e8b465ee728b)  -> (artifact id: '2060203a912ad6f628a3365e53f0abee') in 0.051885 seconds 
  Import took 0.057572 seconds .

========================================================================
Received Import Request.
  Time since last request: 54.409281 seconds.
  path: Assets/Sheep.prefab
  artifactKey: Guid(22848397f1c41554dbb78df65f4d5938) Importer(815301076,1909f56bfc062723c751e8b465ee728b)
Start importing Assets/Sheep.prefab using Guid(22848397f1c41554dbb78df65f4d5938) Importer(815301076,1909f56bfc062723c751e8b465ee728b)  -> (artifact id: '0587e96959ba646ef7e67bcdf1ff58ec') in 0.017044 seconds 
  Import took 0.019845 seconds .

========================================================================
Received Import Request.
  Time since last request: 0.060086 seconds.
  path: Assets/Sheep.prefab
  artifactKey: Guid(22848397f1c41554dbb78df65f4d5938) Importer(815301076,1909f56bfc062723c751e8b465ee728b)
Start importing Assets/Sheep.prefab using Guid(22848397f1c41554dbb78df65f4d5938) Importer(815301076,1909f56bfc062723c751e8b465ee728b)  -> (artifact id: '0587e96959ba646ef7e67bcdf1ff58ec') in 0.004785 seconds 
  Import took 0.008598 seconds .

========================================================================
Received Import Request.
  Time since last request: 4.929210 seconds.
  path: Assets/textures/MaterialColors.png
  artifactKey: Guid(0189f016461c8324e8c51184bf2c7843) Importer(815301076,1909f56bfc062723c751e8b465ee728b)
Start importing Assets/textures/MaterialColors.png using Guid(0189f016461c8324e8c51184bf2c7843) Importer(815301076,1909f56bfc062723c751e8b465ee728b)  -> (artifact id: '7de3f64ab72321a7c17053dc38dcec35') in 0.021573 seconds 
  Import took 0.024031 seconds .

========================================================================
Received Import Request.
  Time since last request: 7.336168 seconds.
  path: Assets/Textures
  artifactKey: Guid(6000a2867cb77e540b97e38da5a7c177) Importer(815301076,1909f56bfc062723c751e8b465ee728b)
Start importing Assets/Textures using Guid(6000a2867cb77e540b97e38da5a7c177) Importer(815301076,1909f56bfc062723c751e8b465ee728b)  -> (artifact id: '418aaba9f7e62a28b9a2137fb27f94ff') in 0.008655 seconds 
  Import took 0.011759 seconds .

========================================================================
Received Import Request.
  Time since last request: 91.099061 seconds.
  path: Assets/models
  artifactKey: Guid(0550d1de508b0434b8904e87f672460e) Importer(815301076,1909f56bfc062723c751e8b465ee728b)
Start importing Assets/models using Guid(0550d1de508b0434b8904e87f672460e) Importer(815301076,1909f56bfc062723c751e8b465ee728b)  -> (artifact id: '00b1ea72aff143951b61cb40b29ce0f3') in 0.008954 seconds 
  Import took 0.012479 seconds .

========================================================================
Received Import Request.
  Time since last request: 0.000607 seconds.
  path: Assets/models
  artifactKey: Guid(0550d1de508b0434b8904e87f672460e) Importer(815301076,1909f56bfc062723c751e8b465ee728b)
Start importing Assets/models using Guid(0550d1de508b0434b8904e87f672460e) Importer(815301076,1909f56bfc062723c751e8b465ee728b)  -> (artifact id: '00b1ea72aff143951b61cb40b29ce0f3') in 0.003758 seconds 
  Import took 0.008698 seconds .

========================================================================
Received Import Request.
  Time since last request: 0.045803 seconds.
  path: Assets/models/Hay Bale.fbx
  artifactKey: Guid(2f9deaca1b05d2a42b86d5ca5e5a136d) Importer(815301076,1909f56bfc062723c751e8b465ee728b)
Start importing Assets/models/Hay Bale.fbx using Guid(2f9deaca1b05d2a42b86d5ca5e5a136d) Importer(815301076,1909f56bfc062723c751e8b465ee728b)  -> (artifact id: 'df86dcff8b27fe98aeb5754818e0a5b9') in 0.343423 seconds 
  Import took 0.346560 seconds .

========================================================================
Received Import Request.
  Time since last request: 0.000279 seconds.
  path: Assets/models/Sheep.fbx
  artifactKey: Guid(a5286ef4689285f4b8faab48fae26820) Importer(815301076,1909f56bfc062723c751e8b465ee728b)
Start importing Assets/models/Sheep.fbx using Guid(a5286ef4689285f4b8faab48fae26820) Importer(815301076,1909f56bfc062723c751e8b465ee728b)  -> (artifact id: 'd05e745c06f1aa9b093aa20d3f0fef59') in 0.028619 seconds 
  Import took 0.031927 seconds .

========================================================================
Received Import Request.
  Time since last request: 0.000566 seconds.
  path: Assets/models/Sheep.fbx
  artifactKey: Guid(a5286ef4689285f4b8faab48fae26820) Importer(815301076,1909f56bfc062723c751e8b465ee728b)
Start importing Assets/models/Sheep.fbx using Guid(a5286ef4689285f4b8faab48fae26820) Importer(815301076,1909f56bfc062723c751e8b465ee728b)  -> (artifact id: 'd05e745c06f1aa9b093aa20d3f0fef59') in 0.034910 seconds 
  Import took 0.037531 seconds .

========================================================================
Received Import Request.
  Time since last request: 396.840090 seconds.
  path: Assets/Scripts
  artifactKey: Guid(fdc9a288c5cbe314284f281247bd551c) Importer(815301076,1909f56bfc062723c751e8b465ee728b)
Start importing Assets/Scripts using Guid(fdc9a288c5cbe314284f281247bd551c) Importer(815301076,1909f56bfc062723c751e8b465ee728b)  -> (artifact id: '52c8b60c6e0cde5e9ba004b3b6b276c2') in 0.010495 seconds 
  Import took 0.013801 seconds .

========================================================================
Received Import Request.
  Time since last request: 0.005791 seconds.
  path: Assets/Scripts
  artifactKey: Guid(fdc9a288c5cbe314284f281247bd551c) Importer(815301076,1909f56bfc062723c751e8b465ee728b)
Start importing Assets/Scripts using Guid(fdc9a288c5cbe314284f281247bd551c) Importer(815301076,1909f56bfc062723c751e8b465ee728b)  -> (artifact id: '52c8b60c6e0cde5e9ba004b3b6b276c2') in 0.004520 seconds 
  Import took 0.008611 seconds .

========================================================================
Received Import Request.
  Time since last request: 7.489554 seconds.
  path: Assets/Scripts/Player.cs
  artifactKey: Guid(ebfaa2207b0fc0a47a91282c61bad6a4) Importer(815301076,1909f56bfc062723c751e8b465ee728b)
Start importing Assets/Scripts/Player.cs using Guid(ebfaa2207b0fc0a47a91282c61bad6a4) Importer(815301076,1909f56bfc062723c751e8b465ee728b)  -> (artifact id: '2ce410cd5b5b09b6b2f954bc2fb4d0ae') in 0.010441 seconds 
  Import took 0.012848 seconds .

========================================================================
Received Prepare
Registering precompiled user dll's ...
Registered in 0.008172 seconds.
Begin MonoManager ReloadAssembly
Native extension for WindowsStandalone target not found
Refreshing native plugins compatible for Editor in 0.29 ms, found 2 plugins.
Preloading 0 native plugins for Editor in 0.00 ms.
Mono: successfully reloaded assembly
- Completed reload, in  0.993 seconds
Domain Reload Profiling:
	ReloadAssembly (994ms)
		BeginReloadAssembly (181ms)
			ExecutionOrderSort (0ms)
			DisableScriptedObjects (9ms)
			BackupInstance (0ms)
			ReleaseScriptingObjects (0ms)
			CreateAndSetChildDomain (90ms)
		EndReloadAssembly (750ms)
			LoadAssemblies (90ms)
			RebuildTransferFunctionScriptingTraits (0ms)
			SetupTypeCache (257ms)
			ReleaseScriptCaches (1ms)
			RebuildScriptCaches (39ms)
			SetupLoadedEditorAssemblies (274ms)
				LogAssemblyErrors (0ms)
				InitializePlatformSupportModulesInManaged (5ms)
				SetLoadedEditorAssemblies (1ms)
				RefreshPlugins (0ms)
				BeforeProcessingInitializeOnLoad (78ms)
				ProcessInitializeOnLoadAttributes (181ms)
				ProcessInitializeOnLoadMethodAttributes (4ms)
				AfterProcessingInitializeOnLoad (6ms)
				EditorAssembliesLoaded (0ms)
			ExecutionOrderSort2 (0ms)
			AwakeInstancesAfterBackupRestoration (6ms)
Platform modules already initialized, skipping
Refreshing native plugins compatible for Editor in 0.28 ms, found 2 plugins.
Preloading 0 native plugins for Editor in 0.00 ms.
Unloading 1386 Unused Serialized files (Serialized files now loaded: 0)
System memory in use before: 68.3 MB.
System memory in use after: 68.3 MB.

Unloading 14 unused Assets to reduce memory usage. Loaded Objects now: 1872.
Total: 2.280800 ms (FindLiveObjects: 0.207500 ms CreateObjectMapping: 0.038300 ms MarkObjects: 1.980000 ms  DeleteObjects: 0.053800 ms)

AssetImportParameters requested are different than current active one (requested -> active):
  custom:framework-win-MediaFoundation: 216162199b28c13a410421893ffa2e32 -> 
  custom:video-decoder-ogg-theora: a1e56fd34408186e4bbccfd4996cb3dc -> 
  custom:container-muxer-webm: aa71ff27fc2769a1b78a27578f13a17b -> 
  custom:container-demuxer-webm: 4f35f7cbe854078d1ac9338744f61a02 -> 
  custom:container-demuxer-ogg: 62fdf1f143b41e24485cea50d1cbac27 -> 
  custom:video-encoder-webm-vp8: eb34c28f22e8b96e1ab97ce403110664 -> 
  custom:video-decoder-webm-vp8: 9c59270c3fd7afecdb556c50c9e8de78 -> 
  custom:audio-decoder-ogg-vorbis: bf7c407c2cedff20999df2af8eb42d56 -> 
  custom:audio-encoder-webm-vorbis: bf7c407c2cedff20999df2af8eb42d56 -> 
========================================================================
Received Import Request.
  Time since last request: 411.941561 seconds.
  path: Assets/models/GIRL_fbx.fbx
  artifactKey: Guid(2d430e51c32e7914e8e583be4dae10aa) Importer(815301076,1909f56bfc062723c751e8b465ee728b)
Start importing Assets/models/GIRL_fbx.fbx using Guid(2d430e51c32e7914e8e583be4dae10aa) Importer(815301076,1909f56bfc062723c751e8b465ee728b)  -> (artifact id: '6ca357c98bd3717aef3f9d9e9e38243d') in 0.435177 seconds 
  Import took 0.438258 seconds .

========================================================================
Received Import Request.
  Time since last request: 41.451870 seconds.
  path: Assets/Textures/player
  artifactKey: Guid(a4f26c7a52249f143a6be0c7554019f2) Importer(815301076,1909f56bfc062723c751e8b465ee728b)
Start importing Assets/Textures/player using Guid(a4f26c7a52249f143a6be0c7554019f2) Importer(815301076,1909f56bfc062723c751e8b465ee728b)  -> (artifact id: 'dbe14645f73af0420a97e3c055052fd1') in 0.009099 seconds 
  Import took 0.011825 seconds .

========================================================================
Received Import Request.
  Time since last request: 0.000553 seconds.
  path: Assets/Textures/player
  artifactKey: Guid(a4f26c7a52249f143a6be0c7554019f2) Importer(815301076,1909f56bfc062723c751e8b465ee728b)
Start importing Assets/Textures/player using Guid(a4f26c7a52249f143a6be0c7554019f2) Importer(815301076,1909f56bfc062723c751e8b465ee728b)  -> (artifact id: 'dbe14645f73af0420a97e3c055052fd1') in 0.003083 seconds 
  Import took 0.006082 seconds .

========================================================================
Received Import Request.
  Time since last request: 17.996215 seconds.
  path: Assets/Textures/player/BOdy Skin Base Color.png
  artifactKey: Guid(56b0aca583fa8bf4792d8ae8a982ae7e) Importer(815301076,1909f56bfc062723c751e8b465ee728b)
Start importing Assets/Textures/player/BOdy Skin Base Color.png using Guid(56b0aca583fa8bf4792d8ae8a982ae7e) Importer(815301076,1909f56bfc062723c751e8b465ee728b)  -> (artifact id: 'b367fe4ad0103caa70516b9954c47823') in 0.032261 seconds 
  Import took 0.034811 seconds .

========================================================================
Received Import Request.
  Time since last request: 0.000246 seconds.
  path: Assets/Textures/player/FACE Base Color apha.png
  artifactKey: Guid(eb7ef88b998dad4489a7f813e13770f5) Importer(815301076,1909f56bfc062723c751e8b465ee728b)
Start importing Assets/Textures/player/FACE Base Color apha.png using Guid(eb7ef88b998dad4489a7f813e13770f5) Importer(815301076,1909f56bfc062723c751e8b465ee728b)  -> (artifact id: '4e6f028400d0f49a1072f9aa9800c2b0') in 0.019516 seconds 
  Import took 0.022687 seconds .

========================================================================
Received Import Request.
  Time since last request: 0.000251 seconds.
  path: Assets/Textures/player/bot color.jpg
  artifactKey: Guid(c1b53b40869810e40bd508085452d053) Importer(815301076,1909f56bfc062723c751e8b465ee728b)
Start importing Assets/Textures/player/bot color.jpg using Guid(c1b53b40869810e40bd508085452d053) Importer(815301076,1909f56bfc062723c751e8b465ee728b)  -> (artifact id: 'f924692afd888e374db0af0485c797eb') in 0.025455 seconds 
  Import took 0.029136 seconds .

========================================================================
Received Import Request.
  Time since last request: 0.000379 seconds.
  path: Assets/Textures/player/top color.png
  artifactKey: Guid(6191f721407a2ab4d9d5e189d5a1792d) Importer(815301076,1909f56bfc062723c751e8b465ee728b)
Start importing Assets/Textures/player/top color.png using Guid(6191f721407a2ab4d9d5e189d5a1792d) Importer(815301076,1909f56bfc062723c751e8b465ee728b)  -> (artifact id: '6965f35e71875f82cdddd7eacae0f8c2') in 0.022657 seconds 
  Import took 0.029854 seconds .

========================================================================
Received Import Request.
  Time since last request: 0.000295 seconds.
  path: Assets/Textures/player/COLORS.jpg
  artifactKey: Guid(be7a1c5904525614bab43b58546fcd38) Importer(815301076,1909f56bfc062723c751e8b465ee728b)
Start importing Assets/Textures/player/COLORS.jpg using Guid(be7a1c5904525614bab43b58546fcd38) Importer(815301076,1909f56bfc062723c751e8b465ee728b)  -> (artifact id: '22fb88d5b9a532070632221b75454b29') in 0.023282 seconds 
  Import took 0.030561 seconds .

========================================================================
Received Import Request.
  Time since last request: 0.000269 seconds.
  path: Assets/Textures/player/top normal.png
  artifactKey: Guid(0563161260809aa4a939eb385cc86784) Importer(815301076,1909f56bfc062723c751e8b465ee728b)
Start importing Assets/Textures/player/top normal.png using Guid(0563161260809aa4a939eb385cc86784) Importer(815301076,1909f56bfc062723c751e8b465ee728b)  -> (artifact id: '36876a8591f1c77fddc9c1949f073954') in 0.025456 seconds 
  Import took 0.041339 seconds .

========================================================================
Received Import Request.
  Time since last request: 112.856253 seconds.
  path: Assets/hair.mat
  artifactKey: Guid(ab982a3ffb8b568498cb6a0b7f04aafa) Importer(815301076,1909f56bfc062723c751e8b465ee728b)
Start importing Assets/hair.mat using Guid(ab982a3ffb8b568498cb6a0b7f04aafa) Importer(815301076,1909f56bfc062723c751e8b465ee728b)  -> (artifact id: '76524ccd0bfd4925c93977fc1496e683') in 0.016194 seconds 
  Import took 0.019374 seconds .

========================================================================
Received Import Request.
  Time since last request: 81.261197 seconds.
  path: Assets/body.mat
  artifactKey: Guid(42ab98d19baaf304199ae25ecb15fa46) Importer(815301076,1909f56bfc062723c751e8b465ee728b)
Start importing Assets/body.mat using Guid(42ab98d19baaf304199ae25ecb15fa46) Importer(815301076,1909f56bfc062723c751e8b465ee728b)  -> (artifact id: '0e500c4fdecb2aed490ad7f51564c40e') in 0.014954 seconds 
  Import took 0.017837 seconds .

========================================================================
Received Import Request.
  Time since last request: 32.145145 seconds.
  path: Assets/top.mat
  artifactKey: Guid(0d63eb85d95054847bc133a35ea418eb) Importer(815301076,1909f56bfc062723c751e8b465ee728b)
Start importing Assets/top.mat using Guid(0d63eb85d95054847bc133a35ea418eb) Importer(815301076,1909f56bfc062723c751e8b465ee728b)  -> (artifact id: '82e499226712e7ff3d4f987de1c21750') in 0.015473 seconds 
  Import took 0.018265 seconds .

========================================================================
Received Import Request.
  Time since last request: 31.639966 seconds.
  path: Assets/bot.mat
  artifactKey: Guid(94869a40dd006584780f4285da6d932e) Importer(815301076,1909f56bfc062723c751e8b465ee728b)
Start importing Assets/bot.mat using Guid(94869a40dd006584780f4285da6d932e) Importer(815301076,1909f56bfc062723c751e8b465ee728b)  -> (artifact id: 'eff33f8aef80e7ea9c70c21158df1e7b') in 0.016533 seconds 
  Import took 0.020611 seconds .

========================================================================
Received Import Request.
  Time since last request: 35.247407 seconds.
  path: Assets/face.mat
  artifactKey: Guid(e50eb7443cbf9a245a3e00da22549b27) Importer(815301076,1909f56bfc062723c751e8b465ee728b)
Start importing Assets/face.mat using Guid(e50eb7443cbf9a245a3e00da22549b27) Importer(815301076,1909f56bfc062723c751e8b465ee728b)  -> (artifact id: 'ab0ed4c8ca59bbfe2db0a70e69c31e8f') in 0.016852 seconds 
  Import took 0.022093 seconds .

